\BOOKMARK [0][-]{chapter.1}{\376\377\146\156\220\032\160\271\226\306\142\323\142\121}{}% 1
\BOOKMARK [1][-]{section.1.1}{\376\377\142\323\142\121\172\172\225\364\116\016\217\336\176\355\121\375\145\160}{chapter.1}% 2
\BOOKMARK [2][-]{subsection.1.1.1}{\376\377\142\323\142\121\172\172\225\364}{section.1.1}% 3
\BOOKMARK [2][-]{subsection.1.1.2}{\376\377\142\323\142\121\166\204\127\372}{section.1.1}% 4
\BOOKMARK [2][-]{subsection.1.1.3}{\376\377\136\217\142\323\142\121}{section.1.1}% 5
\BOOKMARK [2][-]{subsection.1.1.4}{\376\377\171\357\142\323\142\121}{section.1.1}% 6
\BOOKMARK [2][-]{subsection.1.1.5}{\376\377\133\120\172\172\225\364\142\323\142\121}{section.1.1}% 7
\BOOKMARK [2][-]{subsection.1.1.6}{\376\377\225\355\226\306\116\016\147\201\226\120\160\271}{section.1.1}% 8
\BOOKMARK [2][-]{subsection.1.1.7}{\376\377\217\336\176\355\121\375\145\160}{section.1.1}% 9
\BOOKMARK [2][-]{subsection.1.1.8}{\376\377\171\357\142\323\142\121}{section.1.1}% 10
\BOOKMARK [2][-]{subsection.1.1.9}{\376\377\136\246\221\317\142\323\142\121}{section.1.1}% 11
\BOOKMARK [2][-]{subsection.1.1.10}{\376\377\217\336\176\355\121\375\145\160\116\016\136\246\221\317\142\323\142\121}{section.1.1}% 12
\BOOKMARK [2][-]{subsection.1.1.11}{\376\377\125\106\142\323\142\121}{section.1.1}% 13
\BOOKMARK [1][-]{section.1.2}{\376\377\217\336\220\032\140\047\116\016\175\047\201\364\140\047}{chapter.1}% 14
\BOOKMARK [2][-]{subsection.1.2.1}{\376\377\217\336\220\032\172\172\225\364}{section.1.2}% 15
\BOOKMARK [2][-]{subsection.1.2.2}{\376\377\133\236\166\364\176\277\116\012\166\204\217\336\220\032\133\120\172\172\225\364}{section.1.2}% 16
\BOOKMARK [2][-]{subsection.1.2.3}{\376\377\122\006\145\057\116\016\134\100\220\350\217\336\220\032\140\047}{section.1.2}% 17
\BOOKMARK [2][-]{subsection.1.2.4}{\376\377\175\047\201\364\172\172\225\364}{section.1.2}% 18
\BOOKMARK [2][-]{subsection.1.2.5}{\376\377\133\236\166\364\176\277\116\012\166\204\175\047\201\364\133\120\172\172\225\364}{section.1.2}% 19
\BOOKMARK [2][-]{subsection.1.2.6}{\376\377\147\201\226\120\160\271\175\047\201\364\140\047}{section.1.2}% 20
\BOOKMARK [2][-]{subsection.1.2.7}{\376\377\134\100\220\350\175\047\201\364\140\047}{section.1.2}% 21
\BOOKMARK [1][-]{section.1.3}{\376\377\133\214\131\007\136\246\221\317\172\172\225\364\116\016\121\375\145\160\172\172\225\364}{chapter.1}% 22
\BOOKMARK [2][-]{subsection.1.3.1}{\376\377\133\214\131\007\136\246\221\317\172\172\225\364}{section.1.3}% 23
\BOOKMARK [2][-]{subsection.1.3.2}{\376\377\000P\000e\000a\000n\000o\146\362\176\277}{section.1.3}% 24
\BOOKMARK [1][-]{section.1.4}{\376\377\145\160\122\027\116\016\176\247\145\160}{chapter.1}% 25
\BOOKMARK [2][-]{subsection.1.4.1}{\376\377\145\066\145\133\136\217\122\027}{section.1.4}% 26
\BOOKMARK [2][-]{subsection.1.4.2}{\376\377\133\120\136\217\122\027}{section.1.4}% 27
\BOOKMARK [2][-]{subsection.1.4.3}{\376\377\000C\000a\000u\000c\000h\000y\136\217\122\027}{section.1.4}% 28
\BOOKMARK [2][-]{subsection.1.4.4}{\376\377\116\012\147\201\226\120\124\214\116\013\147\201\226\120}{section.1.4}% 29
\BOOKMARK [2][-]{subsection.1.4.5}{\376\377\162\171\153\212\136\217\122\027}{section.1.4}% 30
\BOOKMARK [2][-]{subsection.1.4.6}{\376\377\176\247\145\160}{section.1.4}% 31
\BOOKMARK [2][-]{subsection.1.4.7}{\376\377\153\143\230\171\176\247\145\160}{section.1.4}% 32
\BOOKMARK [2][-]{subsection.1.4.8}{\376\377\133\241\145\133\154\325}{section.1.4}% 33
\BOOKMARK [2][-]{subsection.1.4.9}{\376\377\122\006\220\350\154\102\124\214}{section.1.4}% 34
\BOOKMARK [2][-]{subsection.1.4.10}{\376\377\176\335\133\371\145\066\145\133}{section.1.4}% 35
\BOOKMARK [2][-]{subsection.1.4.11}{\376\377\176\247\145\160\166\204\122\240\116\130}{section.1.4}% 36
\BOOKMARK [2][-]{subsection.1.4.12}{\376\377\176\247\145\160\221\315\143\222}{section.1.4}% 37
\BOOKMARK [1][-]{section.1.5}{\376\377\217\336\176\355\121\375\145\160}{chapter.1}% 38
\BOOKMARK [2][-]{subsection.1.5.1}{\376\377\121\375\145\160\166\204\147\201\226\120}{section.1.5}% 39
\BOOKMARK [2][-]{subsection.1.5.2}{\376\377\217\336\176\355\140\047\124\214\175\047\140\047}{section.1.5}% 40
\BOOKMARK [2][-]{subsection.1.5.3}{\376\377\217\336\176\355\140\047\116\016\217\336\220\032\140\047}{section.1.5}% 41
\BOOKMARK [2][-]{subsection.1.5.4}{\376\377\225\364\145\255}{section.1.5}% 42
\BOOKMARK [2][-]{subsection.1.5.5}{\376\377\123\125\214\003\121\375\145\160}{section.1.5}% 43
\BOOKMARK [2][-]{subsection.1.5.6}{\376\377\145\340\172\167\217\334\131\004\166\204\147\201\226\120}{section.1.5}% 44
