\BOOKMARK [0][-]{chapter.1}{\376\377\217\320\122\250\133\146\116\016\127\372\147\054\122\233\133\146}{}% 1
\BOOKMARK [1][-]{section.1.1}{\376\377\215\050\160\271\217\320\122\250\133\146}{chapter.1}% 2
\BOOKMARK [2][-]{subsection.1.1.1}{\376\377\146\156\220\032\217\320\122\250\133\146}{section.1.1}% 3
\BOOKMARK [2][-]{subsection.1.1.2}{\376\377\116\000\202\054\122\240\220\037\217\320\122\250}{section.1.1}% 4
\BOOKMARK [2][-]{subsection.1.1.3}{\376\377\127\006\124\150\217\320\122\250}{section.1.1}% 5
\BOOKMARK [2][-]{subsection.1.1.4}{\376\377\217\320\122\250\166\204\122\006\211\343}{section.1.1}% 6
\BOOKMARK [2][-]{subsection.1.1.5}{\376\377\147\201\127\120\150\007\116\013\166\204\217\320\122\250\133\146}{section.1.1}% 7
\BOOKMARK [2][-]{subsection.1.1.6}{\376\377\123\302\200\003\174\373\123\330\143\142}{section.1.1}% 8
\BOOKMARK [1][-]{section.1.2}{\376\377\215\050\160\271\122\250\122\233\133\146}{chapter.1}% 9
\BOOKMARK [2][-]{subsection.1.2.1}{\376\377\123\125\215\050\160\271\122\250\122\233\133\146}{section.1.2}% 10
\BOOKMARK [2][-]{subsection.1.2.2}{\376\377\131\032\215\050\160\271\122\250\122\233\133\146}{section.1.2}% 11
\BOOKMARK [2][-]{subsection.1.2.3}{\376\377\133\214\145\164\176\246\147\137}{section.1.2}% 12
\BOOKMARK [2][-]{subsection.1.2.4}{\376\377\000D\000'\000A\000l\000e\000m\000b\000e\000r\000t\123\237\164\006\116\016\000L\000a\000g\000r\000a\000n\000g\000e\145\271\172\013}{section.1.2}% 13
\BOOKMARK [2][-]{subsection.1.2.5}{\376\377\220\037\136\246\166\370\121\163\166\204\122\277\116\016\200\027\145\143\121\375\145\160}{section.1.2}% 14
\BOOKMARK [2][-]{subsection.1.2.6}{\376\377\000L\000a\000g\000r\000a\000n\000g\000e\210\150\217\360\166\204\136\224\165\050}{section.1.2}% 15
\BOOKMARK [1][-]{section.1.3}{\376\377\123\330\122\006\116\016\000L\000a\000g\000r\000a\000n\000g\000e\210\150\217\360}{chapter.1}% 16
\BOOKMARK [2][-]{subsection.1.3.1}{\376\377\123\330\122\006\154\325}{section.1.3}% 17
\BOOKMARK [2][-]{subsection.1.3.2}{\376\377\000H\000a\000m\000i\000l\000t\000o\000n\123\237\164\006}{section.1.3}% 18
\BOOKMARK [2][-]{subsection.1.3.3}{\376\377\133\371\147\011\176\246\147\137\174\373\176\337\166\204\136\224\165\050}{section.1.3}% 19
\BOOKMARK [2][-]{subsection.1.3.4}{\376\377\133\371\171\360\140\047\116\016\133\210\140\122\133\232\137\213}{section.1.3}% 20
\BOOKMARK [2][-]{subsection.1.3.5}{\376\377\200\375\221\317\133\210\140\122}{section.1.3}% 21
\BOOKMARK [0][-]{chapter.2}{\376\377\116\055\137\303\122\233\127\072\225\356\230\230}{}% 22
\BOOKMARK [0][-]{chapter.3}{\376\377\122\032\117\123\217\320\122\250\133\146}{}% 23
\BOOKMARK [0][-]{chapter.4}{\376\377\122\032\117\123\166\204\217\320\122\250\145\271\172\013}{}% 24
