\BOOKMARK [1][-]{section.1}{\376\377\136\070\137\256\122\006\145\271\172\013}{}% 1
\BOOKMARK [2][-]{subsection.1.1}{\376\377\137\025\213\272}{section.1}% 2
\BOOKMARK [2][-]{subsection.1.2}{\376\377\122\006\171\273\123\330\221\317\154\325}{section.1}% 3
\BOOKMARK [2][-]{subsection.1.3}{\376\377\116\000\226\066\176\277\140\047\137\256\122\006\145\271\172\013}{section.1}% 4
\BOOKMARK [2][-]{subsection.1.4}{\376\377\131\107\142\200\155\353\135\347}{section.1}% 5
\BOOKMARK [2][-]{subsection.1.5}{\376\377\116\214\226\066\136\070\174\373\145\160\237\120\153\041\145\271\172\013}{section.1}% 6
\BOOKMARK [2][-]{subsection.1.6}{\376\377\227\136\237\120\153\041\116\214\226\066\136\070\174\373\145\160\145\271\172\013}{section.1}% 7
\BOOKMARK [2][-]{subsection.1.7}{\376\377\162\171\153\212\116\214\226\066\145\271\172\013}{section.1}% 8
\BOOKMARK [2][-]{subsection.1.8}{\376\377\000L\000a\000p\000l\000a\000c\000e\123\330\143\142}{section.1}% 9
\BOOKMARK [2][-]{subsection.1.9}{\376\377\000L\000a\000p\000l\000a\000c\000e\123\330\143\142\165\050\116\216\137\256\122\006\145\271\172\013}{section.1}% 10
\BOOKMARK [2][-]{subsection.1.10}{\376\377\123\167\171\357}{section.1}% 11
\BOOKMARK [2][-]{subsection.1.11}{\376\377\000D\000i\000r\000a\000c\000\040\000D\000e\000l\000t\000a\121\375\145\160}{section.1}% 12
\BOOKMARK [2][-]{subsection.1.12}{\376\377\000G\000r\000e\000e\000n\121\375\145\160}{section.1}% 13
\BOOKMARK [1][-]{section.2}{\376\377\162\171\153\212\121\375\145\160}{}% 14
\BOOKMARK [2][-]{subsection.2.1}{\376\377\137\025\213\272}{section.2}% 15
\BOOKMARK [2][-]{subsection.2.2}{\376\377\226\066\116\130\121\375\145\160}{section.2}% 16
\BOOKMARK [2][-]{subsection.2.3}{\376\377\000G\000a\000m\000m\000a\121\375\145\160}{section.2}% 17
\BOOKMARK [2][-]{subsection.2.4}{\376\377\000G\000a\000m\000m\000a\121\375\145\160\116\216\215\037\145\160}{section.2}% 18
\BOOKMARK [2][-]{subsection.2.5}{\376\377\000G\000a\000m\000m\000a\121\375\145\160\166\204\116\000\116\233\121\154\137\017}{section.2}% 19
\BOOKMARK [2][-]{subsection.2.6}{\376\377\000B\121\375\145\160}{section.2}% 20
\BOOKMARK [2][-]{subsection.2.7}{\376\377\116\016\000G\000a\000m\000m\000a\121\375\145\160\166\204\200\124\174\373\377\032\122\240\120\015\121\154\137\017}{section.2}% 21
\BOOKMARK [2][-]{subsection.2.8}{\376\377\136\224\165\050\377\032\116\016\123\125\144\106\166\204\200\124\174\373}{section.2}% 22
\BOOKMARK [2][-]{subsection.2.9}{\376\377\213\357\135\356\121\375\145\160}{section.2}% 23
\BOOKMARK [2][-]{subsection.2.10}{\376\377\176\247\145\160\134\125\137\000}{section.2}% 24
\BOOKMARK [2][-]{subsection.2.11}{\376\377\000L\000a\000p\000l\000a\000c\000e\145\271\154\325\377\032\000S\000t\000i\000r\000l\000i\000n\000g\121\154\137\017}{section.2}% 25
\BOOKMARK [2][-]{subsection.2.12}{\376\377\151\055\127\006\171\357\122\006\116\016\151\055\127\006\121\375\145\160}{section.2}% 26
\BOOKMARK [1][-]{section.3}{\376\377\137\256\122\006\145\271\172\013\166\204\176\247\145\160\211\343}{}% 27
\BOOKMARK [2][-]{subsection.3.1}{\376\377\137\025\213\272}{section.3}% 28
\BOOKMARK [2][-]{subsection.3.2}{\376\377\000L\000e\000g\000e\000n\000d\000r\000e\145\271\172\013}{section.3}% 29
\BOOKMARK [2][-]{subsection.3.3}{\376\377\000L\000e\000i\000b\000n\000i\000z\154\102\133\374\154\325\122\031}{section.3}% 30
\BOOKMARK [2][-]{subsection.3.4}{\376\377\000R\000o\000d\000r\000i\000g\000u\000e\000s\121\154\137\017}{section.3}% 31
\BOOKMARK [2][-]{subsection.3.5}{\376\377\165\037\142\020\121\375\145\160\116\016\220\022\137\122\121\163\174\373}{section.3}% 32
\BOOKMARK [2][-]{subsection.3.6}{\376\377\133\214\131\007\153\143\116\244\121\375\145\160\226\306}{section.3}% 33
\BOOKMARK [2][-]{subsection.3.7}{\376\377\153\143\116\244\121\163\174\373}{section.3}% 34
\BOOKMARK [2][-]{subsection.3.8}{\376\377\201\352\116\244\121\163\174\373\377\032\137\122\116\000\123\026}{section.3}% 35
\BOOKMARK [2][-]{subsection.3.9}{\376\377\000L\000e\000g\000e\000n\000d\000r\000e\176\247\145\160}{section.3}% 36
\BOOKMARK [2][-]{subsection.3.10}{\376\377\121\163\200\124\000L\000e\000g\000e\000n\000d\000r\000e\121\375\145\160}{section.3}% 37
\BOOKMARK [2][-]{subsection.3.11}{\376\377\136\177\116\111\136\102\176\247\145\160}{section.3}% 38
\BOOKMARK [2][-]{subsection.3.12}{\376\377\000B\000e\000s\000s\000e\000l\145\271\172\013}{section.3}% 39
\BOOKMARK [2][-]{subsection.3.13}{\376\377\000B\000e\000s\000s\000e\000l\145\271\172\013\166\204\173\054\116\214\211\343}{section.3}% 40
\BOOKMARK [2][-]{subsection.3.14}{\376\377\000B\000e\000s\000s\000e\000l\121\375\145\160\166\204\226\366\160\271}{section.3}% 41
\BOOKMARK [2][-]{subsection.3.15}{\376\377\220\022\137\122\121\163\174\373}{section.3}% 42
\BOOKMARK [2][-]{subsection.3.16}{\376\377\000B\000e\000s\000s\000e\000l\121\375\145\160\165\050\116\216\146\364\136\177\154\333\166\204\137\256\122\006\145\271\172\013}{section.3}% 43
\BOOKMARK [2][-]{subsection.3.17}{\376\377\121\166\116\326\000B\000e\000s\000s\000e\000l\121\375\145\160}{section.3}% 44
\BOOKMARK [2][-]{subsection.3.18}{\376\377\136\224\165\050\377\032\117\070\225\177\166\204\123\125\144\106}{section.3}% 45
\BOOKMARK [2][-]{subsection.3.19}{\376\377\153\143\116\244\121\163\174\373\116\016\201\352\116\244\121\163\174\373}{section.3}% 46
\BOOKMARK [2][-]{subsection.3.20}{\376\377\227\215\160\271\154\325\377\032\156\020\217\333\121\154\137\017}{section.3}% 47
\BOOKMARK [2][-]{subsection.3.21}{\376\377\000F\000u\000c\000h\000s\133\232\164\006}{section.3}% 48
\BOOKMARK [2][-]{subsection.3.22}{\376\377\000H\000e\000r\000m\000i\000t\000e\121\375\145\160\377\014\000L\000a\000g\000u\000e\000r\000r\000e\121\375\145\160\377\014\226\066\150\257\173\227\133\120}{section.3}% 49
