\BOOKMARK [0][-]{chapter.1}{\376\377\146\156\220\032\226\306\124\010\213\272}{}% 1
\BOOKMARK [1][-]{section.1.1}{\376\377\226\306\116\016\122\277}{chapter.1}% 2
\BOOKMARK [2][-]{subsection.1.1.1}{\376\377\201\352\161\066\145\160\121\154\164\006\123\312\121\166\217\320\173\227}{section.1.1}% 3
\BOOKMARK [2][-]{subsection.1.1.2}{\376\377\226\306\121\154\164\006\123\312\121\166\217\320\173\227}{section.1.1}% 4
\BOOKMARK [2][-]{subsection.1.1.3}{\376\377\146\040\134\004}{section.1.1}% 5
\BOOKMARK [2][-]{subsection.1.1.4}{\376\377\123\357\145\160\226\306}{section.1.1}% 6
\BOOKMARK [2][-]{subsection.1.1.5}{\376\377\217\336\176\355\176\337\166\204\122\277}{section.1.1}% 7
\BOOKMARK [2][-]{subsection.1.1.6}{\376\377\122\277\166\204\153\324\217\203}{section.1.1}% 8
\BOOKMARK [1][-]{section.1.2}{\376\377\145\160\174\373}{chapter.1}% 9
\BOOKMARK [2][-]{subsection.1.2.1}{\376\377\136\217\121\163\174\373}{section.1.2}% 10
\BOOKMARK [2][-]{subsection.1.2.2}{\376\377\145\164\145\160}{section.1.2}% 11
\BOOKMARK [2][-]{subsection.1.2.3}{\376\377\147\011\164\006\145\160}{section.1.2}% 12
\BOOKMARK [2][-]{subsection.1.2.4}{\376\377\133\236\145\160}{section.1.2}% 13
\BOOKMARK [2][-]{subsection.1.2.5}{\376\377\133\236\145\160\166\204\000D\000e\000d\000e\000k\000i\000n\000d\147\204\220\040}{section.1.2}% 14
\BOOKMARK [2][-]{subsection.1.2.6}{\376\377\133\236\145\160\117\134\116\072\147\011\164\006\145\160\166\204\000C\000a\000u\000c\000h\000y\136\217\122\027}{section.1.2}% 15
\BOOKMARK [1][-]{section.1.3}{\376\377\220\073\217\221}{chapter.1}% 16
\BOOKMARK [2][-]{subsection.1.3.1}{\376\377\137\122\176\263\133\232\116\111\123\237\164\006}{section.1.3}% 17
\BOOKMARK [2][-]{subsection.1.3.2}{\376\377\145\340\226\120\226\306\116\016\220\011\142\351\121\154\164\006}{section.1.3}% 18
\BOOKMARK [2][-]{subsection.1.3.3}{\376\377\202\157\136\217\226\306}{section.1.3}% 19
\BOOKMARK [2][-]{subsection.1.3.4}{\376\377\147\201\131\047\123\237\164\006}{section.1.3}% 20
\BOOKMARK [2][-]{subsection.1.3.5}{\376\377\202\157\136\217\123\237\164\006\116\016\220\011\142\351\121\154\164\006}{section.1.3}% 21
