\BOOKMARK [0][-]{chapter.1}{\376\377\146\156\220\032\226\306\124\010\213\272}{}% 1
\BOOKMARK [1][-]{section.1.1}{\376\377\226\306\116\016\122\277}{chapter.1}% 2
\BOOKMARK [2][-]{subsection.1.1.1}{\376\377\201\352\161\066\145\160\121\154\164\006\123\312\121\166\217\320\173\227}{section.1.1}% 3
\BOOKMARK [2][-]{subsection.1.1.2}{\376\377\226\306\121\154\164\006\123\312\121\166\217\320\173\227}{section.1.1}% 4
\BOOKMARK [2][-]{subsection.1.1.3}{\376\377\146\040\134\004}{section.1.1}% 5
\BOOKMARK [2][-]{subsection.1.1.4}{\376\377\123\357\145\160\226\306}{section.1.1}% 6
\BOOKMARK [2][-]{subsection.1.1.5}{\376\377\217\336\176\355\176\337\166\204\122\277}{section.1.1}% 7
\BOOKMARK [2][-]{subsection.1.1.6}{\376\377\122\277\166\204\153\324\217\203}{section.1.1}% 8
\BOOKMARK [1][-]{section.1.2}{\376\377\145\160\174\373}{chapter.1}% 9
\BOOKMARK [2][-]{subsection.1.2.1}{\376\377\136\217\121\163\174\373}{section.1.2}% 10
\BOOKMARK [2][-]{subsection.1.2.2}{\376\377\145\164\145\160}{section.1.2}% 11
\BOOKMARK [2][-]{subsection.1.2.3}{\376\377\147\011\164\006\145\160}{section.1.2}% 12
\BOOKMARK [2][-]{subsection.1.2.4}{\376\377\133\236\145\160}{section.1.2}% 13
\BOOKMARK [2][-]{subsection.1.2.5}{\376\377\133\236\145\160\166\204\000D\000e\000d\000e\000k\000i\000n\000d\147\204\220\040}{section.1.2}% 14
\BOOKMARK [2][-]{subsection.1.2.6}{\376\377\133\236\145\160\117\134\116\072\147\011\164\006\145\160\166\204\000C\000a\000u\000c\000h\000y\136\217\122\027}{section.1.2}% 15
\BOOKMARK [1][-]{section.1.3}{\376\377\220\073\217\221}{chapter.1}% 16
\BOOKMARK [2][-]{subsection.1.3.1}{\376\377\137\122\176\263\133\232\116\111\123\237\164\006}{section.1.3}% 17
\BOOKMARK [2][-]{subsection.1.3.2}{\376\377\145\340\226\120\226\306\116\016\220\011\142\351\121\154\164\006}{section.1.3}% 18
\BOOKMARK [2][-]{subsection.1.3.3}{\376\377\202\157\136\217\226\306}{section.1.3}% 19
\BOOKMARK [2][-]{subsection.1.3.4}{\376\377\147\201\131\047\123\237\164\006}{section.1.3}% 20
\BOOKMARK [2][-]{subsection.1.3.5}{\376\377\202\157\136\217\123\237\164\006\116\016\220\011\142\351\121\154\164\006}{section.1.3}% 21
\BOOKMARK [0][-]{chapter.2}{\376\377\146\156\220\032\160\271\226\306\142\323\142\121}{}% 22
\BOOKMARK [1][-]{section.2.1}{\376\377\142\323\142\121\172\172\225\364\116\016\217\336\176\355\121\375\145\160}{chapter.2}% 23
\BOOKMARK [2][-]{subsection.2.1.1}{\376\377\142\323\142\121\172\172\225\364}{section.2.1}% 24
\BOOKMARK [2][-]{subsection.2.1.2}{\376\377\142\323\142\121\166\204\127\372}{section.2.1}% 25
\BOOKMARK [2][-]{subsection.2.1.3}{\376\377\136\217\142\323\142\121}{section.2.1}% 26
\BOOKMARK [2][-]{subsection.2.1.4}{\376\377\171\357\142\323\142\121}{section.2.1}% 27
\BOOKMARK [2][-]{subsection.2.1.5}{\376\377\133\120\172\172\225\364\142\323\142\121}{section.2.1}% 28
\BOOKMARK [2][-]{subsection.2.1.6}{\376\377\225\355\226\306\116\016\147\201\226\120\160\271}{section.2.1}% 29
\BOOKMARK [2][-]{subsection.2.1.7}{\376\377\217\336\176\355\121\375\145\160}{section.2.1}% 30
\BOOKMARK [2][-]{subsection.2.1.8}{\376\377\171\357\142\323\142\121}{section.2.1}% 31
\BOOKMARK [2][-]{subsection.2.1.9}{\376\377\136\246\221\317\142\323\142\121}{section.2.1}% 32
\BOOKMARK [2][-]{subsection.2.1.10}{\376\377\217\336\176\355\121\375\145\160\116\016\136\246\221\317\142\323\142\121}{section.2.1}% 33
\BOOKMARK [2][-]{subsection.2.1.11}{\376\377\125\106\142\323\142\121}{section.2.1}% 34
\BOOKMARK [1][-]{section.2.2}{\376\377\217\336\220\032\140\047\116\016\175\047\201\364\140\047}{chapter.2}% 35
\BOOKMARK [2][-]{subsection.2.2.1}{\376\377\217\336\220\032\172\172\225\364}{section.2.2}% 36
\BOOKMARK [2][-]{subsection.2.2.2}{\376\377\133\236\166\364\176\277\116\012\166\204\217\336\220\032\133\120\172\172\225\364}{section.2.2}% 37
\BOOKMARK [2][-]{subsection.2.2.3}{\376\377\122\006\145\057\116\016\134\100\220\350\217\336\220\032\140\047}{section.2.2}% 38
\BOOKMARK [2][-]{subsection.2.2.4}{\376\377\175\047\201\364\172\172\225\364}{section.2.2}% 39
\BOOKMARK [2][-]{subsection.2.2.5}{\376\377\133\236\166\364\176\277\116\012\166\204\175\047\201\364\133\120\172\172\225\364}{section.2.2}% 40
\BOOKMARK [2][-]{subsection.2.2.6}{\376\377\147\201\226\120\160\271\175\047\201\364\140\047}{section.2.2}% 41
\BOOKMARK [2][-]{subsection.2.2.7}{\376\377\134\100\220\350\175\047\201\364\140\047}{section.2.2}% 42
\BOOKMARK [1][-]{section.2.3}{\376\377\145\160\122\027\116\016\176\247\145\160}{chapter.2}% 43
\BOOKMARK [2][-]{subsection.2.3.1}{\376\377\145\066\145\133\136\217\122\027}{section.2.3}% 44
\BOOKMARK [2][-]{subsection.2.3.2}{\376\377\133\120\136\217\122\027}{section.2.3}% 45
\BOOKMARK [2][-]{subsection.2.3.3}{\376\377\000C\000a\000u\000c\000h\000y\136\217\122\027}{section.2.3}% 46
\BOOKMARK [2][-]{subsection.2.3.4}{\376\377\116\012\147\201\226\120\124\214\116\013\147\201\226\120}{section.2.3}% 47
\BOOKMARK [2][-]{subsection.2.3.5}{\376\377\162\171\153\212\136\217\122\027}{section.2.3}% 48
\BOOKMARK [2][-]{subsection.2.3.6}{\376\377\176\247\145\160}{section.2.3}% 49
\BOOKMARK [2][-]{subsection.2.3.7}{\376\377\153\143\230\171\176\247\145\160}{section.2.3}% 50
\BOOKMARK [2][-]{subsection.2.3.8}{\376\377\133\241\145\133\154\325}{section.2.3}% 51
\BOOKMARK [2][-]{subsection.2.3.9}{\376\377\122\006\220\350\154\102\124\214}{section.2.3}% 52
\BOOKMARK [2][-]{subsection.2.3.10}{\376\377\176\335\133\371\145\066\145\133}{section.2.3}% 53
\BOOKMARK [2][-]{subsection.2.3.11}{\376\377\176\247\145\160\166\204\122\240\116\130}{section.2.3}% 54
\BOOKMARK [2][-]{subsection.2.3.12}{\376\377\176\247\145\160\221\315\143\222}{section.2.3}% 55
\BOOKMARK [1][-]{section.2.4}{\376\377\217\336\176\355\121\375\145\160}{chapter.2}% 56
\BOOKMARK [2][-]{subsection.2.4.1}{\376\377\121\375\145\160\166\204\147\201\226\120}{section.2.4}% 57
\BOOKMARK [2][-]{subsection.2.4.2}{\376\377\217\336\176\355\140\047\124\214\175\047\140\047}{section.2.4}% 58
\BOOKMARK [2][-]{subsection.2.4.3}{\376\377\217\336\176\355\140\047\116\016\217\336\220\032\140\047}{section.2.4}% 59
\BOOKMARK [2][-]{subsection.2.4.4}{\376\377\225\364\145\255}{section.2.4}% 60
\BOOKMARK [2][-]{subsection.2.4.5}{\376\377\123\125\214\003\121\375\145\160}{section.2.4}% 61
\BOOKMARK [2][-]{subsection.2.4.6}{\376\377\145\340\172\167\217\334\131\004\166\204\147\201\226\120}{section.2.4}% 62
\BOOKMARK [0][-]{chapter.3}{\376\377\146\156\220\032\137\256\171\357\122\006}{}% 63
\BOOKMARK [1][-]{section.3.1}{\376\377\137\256\122\006}{chapter.3}% 64
\BOOKMARK [2][-]{subsection.3.1.1}{\376\377\124\021\221\317\120\074\121\375\145\160\166\204\137\256\122\006}{section.3.1}% 65
\BOOKMARK [0][-]{chapter.4}{\376\377\146\156\220\032\176\277\140\047\116\343\145\160}{}% 66
\BOOKMARK [1][-]{section.4.1}{\376\377\173\227\133\120\117\134\116\072\121\375\145\160\166\204\120\317}{chapter.4}% 67
\BOOKMARK [0][-]{chapter.5}{\376\377\146\156\220\032\121\375\145\160\164\006\213\272}{}% 68
\BOOKMARK [1][-]{section.5.1}{\376\377\121\375\145\160\136\217\122\027}{chapter.5}% 69
\BOOKMARK [1][-]{section.5.2}{\376\377\162\171\153\212\121\375\145\160}{chapter.5}% 70
\BOOKMARK [1][-]{section.5.3}{\376\377\131\032\121\103\121\375\145\160}{chapter.5}% 71
\BOOKMARK [2][-]{subsection.5.3.1}{\376\377\137\256\122\006\154\325}{section.5.3}% 72
\BOOKMARK [2][-]{subsection.5.3.2}{\376\377\123\315\121\375\145\160\133\232\164\006}{section.5.3}% 73
\BOOKMARK [2][-]{subsection.5.3.3}{\376\377\226\220\121\375\145\160\133\232\164\006}{section.5.3}% 74
\BOOKMARK [2][-]{subsection.5.3.4}{\376\377\171\351\133\232\164\006}{section.5.3}% 75
\BOOKMARK [0][-]{chapter.6}{\376\377\160\271\226\306\142\323\142\121}{}% 76
\BOOKMARK [1][-]{section.6.1}{\376\377\123\357\145\160\140\047\121\154\164\006\116\016\122\006\171\273\121\154\164\006}{chapter.6}% 77
\BOOKMARK [2][-]{subsection.6.1.1}{\376\377\155\101\137\142\166\204\135\114\121\145}{section.6.1}% 78
\BOOKMARK [0][-]{chapter.7}{\376\377\155\101\137\142\116\012\166\204\122\006\147\220}{}% 79
\BOOKMARK [1][-]{section.7.1}{\376\377\221\315\171\357\122\006\166\204\143\142\121\103}{chapter.7}% 80
\BOOKMARK [2][-]{subsection.7.1.1}{\376\377\123\125\117\115\122\006\211\343}{section.7.1}% 81
\BOOKMARK [0][-]{chapter.8}{\376\377\155\113\136\246\213\272}{}% 82
\BOOKMARK [1][-]{section.8.1}{\376\377\000L\000e\000b\000e\000s\000g\000u\000e\155\113\136\246}{chapter.8}% 83
\BOOKMARK [2][-]{subsection.8.1.1}{\376\377\137\025\213\272}{section.8.1}% 84
\BOOKMARK [2][-]{subsection.8.1.2}{\376\377\000L\000e\000b\000e\000s\000g\000u\000e\131\026\155\113\136\246}{section.8.1}% 85
\BOOKMARK [2][-]{subsection.8.1.3}{\376\377\000L\000e\000b\000e\000s\000g\000u\000e\123\357\155\113\226\306\166\204\000-\116\343\145\160}{section.8.1}% 86
\BOOKMARK [2][-]{subsection.8.1.4}{\376\377\000L\000e\000b\000e\000s\000g\000u\000e\123\357\155\113\226\306\166\204\121\205\131\026\220\074\217\321}{section.8.1}% 87
\BOOKMARK [2][-]{subsection.8.1.5}{\376\377\000L\000e\000b\000e\000s\000g\000u\000e\155\113\136\246\166\204\121\166\116\326\140\047\215\050}{section.8.1}% 88
\BOOKMARK [2][-]{subsection.8.1.6}{\376\377\116\015\123\357\155\113\226\306}{section.8.1}% 89
\BOOKMARK [2][-]{subsection.8.1.7}{\376\377\000C\000a\000n\000t\000o\000r\226\306\116\016\000C\000a\000n\000t\000o\000r\000-\000L\000e\000b\000e\000s\000g\000u\000e\121\375\145\160}{section.8.1}% 90
\BOOKMARK [1][-]{section.8.2}{\376\377\123\357\155\113\121\375\145\160}{chapter.8}% 91
\BOOKMARK [2][-]{subsection.8.2.1}{\376\377\123\357\155\113\121\375\145\160\166\204\124\214\060\001\171\357\116\016\131\015\124\010}{section.8.2}% 92
\BOOKMARK [2][-]{subsection.8.2.2}{\376\377\123\357\155\113\121\375\145\160\166\204\147\201\226\120\116\016\220\074\217\321}{section.8.2}% 93
\BOOKMARK [2][-]{subsection.8.2.3}{\376\377\000L\000i\000t\000t\000l\000e\000w\000o\000o\000d\166\204\116\011\131\047\123\237\164\006}{section.8.2}% 94
\BOOKMARK [0][-]{chapter.9}{\376\377\171\357\122\006\213\272}{}% 95
\BOOKMARK [1][-]{section.9.1}{\376\377\000L\000e\000b\000e\000s\000g\000u\000e\171\357\122\006}{chapter.9}% 96
\BOOKMARK [2][-]{subsection.9.1.1}{\376\377\000R\000i\000e\000m\000a\000n\000n\171\357\122\006}{section.9.1}% 97
\BOOKMARK [2][-]{subsection.9.1.2}{\376\377\147\011\165\114\121\375\145\160\127\050\147\011\226\120\155\113\136\246\226\306\116\012\166\204\000L\000e\000b\000e\000s\000g\000u\000e\171\357\122\006}{section.9.1}% 98
\BOOKMARK [2][-]{subsection.9.1.3}{\376\377\227\136\215\037\121\375\145\160\166\204\000L\000e\000b\000e\000s\000g\000u\000e\155\113\136\246}{section.9.1}% 99
\BOOKMARK [2][-]{subsection.9.1.4}{\376\377\116\000\202\054\000L\000e\000b\000e\000s\000g\000u\000e\171\357\122\006}{section.9.1}% 100
\BOOKMARK [2][-]{subsection.9.1.5}{\376\377\171\357\122\006\166\204\123\357\145\160\123\357\122\240\140\047\116\016\217\336\176\355\140\047}{section.9.1}% 101
\BOOKMARK [2][-]{subsection.9.1.6}{\376\377\116\000\201\364\123\357\171\357\140\047}{section.9.1}% 102
\BOOKMARK [1][-]{section.9.2}{\376\377\217\333\116\000\153\145\166\204\116\073\230\230}{chapter.9}% 103
\BOOKMARK [2][-]{subsection.9.2.1}{\376\377\116\000\201\364\123\357\171\357\140\047\116\016\155\113\136\246\175\047\133\306\127\213}{section.9.2}% 104
\BOOKMARK [2][-]{subsection.9.2.2}{\376\377\117\235\155\113\136\246\145\066\145\133}{section.9.2}% 105
\BOOKMARK [2][-]{subsection.9.2.3}{\376\377\000R\000i\000e\000m\000a\000n\000n\116\016\000L\000e\000b\000e\000s\000g\000u\000e\123\357\171\357\140\047\166\204\162\171\137\201}{section.9.2}% 106
\BOOKMARK [1][-]{section.9.3}{\376\377\137\256\122\006\116\016\171\357\122\006}{chapter.9}% 107
\BOOKMARK [2][-]{subsection.9.3.1}{\376\377\123\125\214\003\121\375\145\160\166\204\217\336\176\355\140\047}{section.9.3}% 108
\BOOKMARK [2][-]{subsection.9.3.2}{\376\377\123\125\214\003\121\375\145\160\166\204\123\357\137\256\140\047}{section.9.3}% 109
\BOOKMARK [2][-]{subsection.9.3.3}{\376\377\147\011\165\114\123\330\135\356\121\375\145\160\377\032\000J\000o\000r\000d\000a\000n\133\232\164\006}{section.9.3}% 110
\BOOKMARK [2][-]{subsection.9.3.4}{\376\377\176\335\133\371\217\336\176\355\121\375\145\160}{section.9.3}% 111
\BOOKMARK [2][-]{subsection.9.3.5}{\376\377\171\357\122\006\116\013\166\204\137\256\122\006}{section.9.3}% 112
\BOOKMARK [2][-]{subsection.9.3.6}{\376\377\121\370\121\375\145\160}{section.9.3}% 113
\BOOKMARK [0][-]{chapter.10}{\376\377\000L\000p\172\172\225\364}{}% 114
\BOOKMARK [1][-]{section.10.1}{\376\377\000L\000p\172\172\225\364\377\032\133\214\131\007\140\047\116\016\220\074\217\321}{chapter.10}% 115
\BOOKMARK [2][-]{subsection.10.1.1}{\376\377\215\113\203\003\176\277\140\047\172\172\225\364}{section.10.1}% 116
\BOOKMARK [2][-]{subsection.10.1.2}{\376\377\000Y\000o\000u\000n\000g\116\015\173\111\137\017\377\014\000H\000\366\000l\000d\000e\000r\116\015\173\111\137\017\377\014\000M\000i\000n\000k\000o\000w\000s\000k\000i\116\015\173\111\137\017}{section.10.1}% 117
\BOOKMARK [2][-]{subsection.10.1.3}{\376\377\000L\000p\166\204\133\214\131\007\140\047}{section.10.1}% 118
\BOOKMARK [2][-]{subsection.10.1.4}{\376\377\220\074\217\321\116\016\123\357\122\006\140\047}{section.10.1}% 119
\BOOKMARK [1][-]{section.10.2}{\376\377\000L\000p\172\172\225\364\166\204\133\371\120\166\116\016\137\061\145\066\145\133}{chapter.10}% 120
\BOOKMARK [2][-]{subsection.10.2.1}{\376\377\000L\000p\166\204\133\371\120\166\116\016\210\150\171\072}{section.10.2}% 121
\BOOKMARK [2][-]{subsection.10.2.2}{\376\377\137\061\145\066\145\133\140\047}{section.10.2}% 122
\BOOKMARK [2][-]{subsection.10.2.3}{\376\377\137\061\122\027\175\047\140\047}{section.10.2}% 123
\BOOKMARK [2][-]{subsection.10.2.4}{\376\377\121\370\121\375\145\160\166\204\147\000\134\017\120\074}{section.10.2}% 124
